This file contains any messages produced by compilers while
running configure, to aid debugging if configure makes a mistake.

It was created by libmpq configure 0.4.2, which was
generated by GNU Autoconf 2.63.  Invocation command line was

  $ ./configure 

## --------- ##
## Platform. ##
## --------- ##

hostname = thy
uname -m = x86_64
uname -r = 2.6.32-431.el6.x86_64
uname -s = Linux
uname -v = #1 SMP Fri Nov 22 03:15:09 UTC 2013

/usr/bin/uname -p = unknown
/bin/uname -X     = unknown

/bin/arch              = x86_64
/usr/bin/arch -k       = unknown
/usr/convex/getsysinfo = unknown
/usr/bin/hostinfo      = unknown
/bin/machine           = unknown
/usr/bin/oslevel       = unknown
/bin/universe          = unknown

PATH: /usr/local/jdk1.6.0_26/bin
PATH: /usr/local/jdk1.6.0_26/jre/bin
PATH: /usr/local/sbin
PATH: /usr/local/bin
PATH: /sbin
PATH: /bin
PATH: /usr/sbin
PATH: /usr/bin
PATH: /root/bin
PATH: /usr/local/gcc-4.8.2/bin/


## ----------- ##
## Core tests. ##
## ----------- ##

configure:2066: checking build system type
configure:2084: result: x86_64-unknown-linux-gnu
configure:2106: checking host system type
configure:2121: result: x86_64-unknown-linux-gnu
configure:2143: checking target system type
configure:2158: result: x86_64-unknown-linux-gnu
configure:2204: checking for a BSD-compatible install
configure:2272: result: /usr/bin/install -c
configure:2283: checking whether build environment is sane
configure:2343: result: yes
configure:2484: checking for a thread-safe mkdir -p
configure:2523: result: /bin/mkdir -p
configure:2536: checking for gawk
configure:2552: found /bin/gawk
configure:2563: result: gawk
configure:2574: checking whether make sets $(MAKE)
configure:2596: result: yes
configure:2759: checking for gcc
configure:2775: found /usr/bin/gcc
configure:2786: result: gcc
configure:3018: checking for C compiler version
configure:3026: gcc --version >&5
gcc (GCC) 4.4.7 20120313 (Red Hat 4.4.7-17)
Copyright (C) 2010 Free Software Foundation, Inc.
This is free software; see the source for copying conditions.  There is NO
warranty; not even for MERCHANTABILITY or FITNESS FOR A PARTICULAR PURPOSE.

configure:3030: $? = 0
configure:3037: gcc -v >&5
Using built-in specs.
Target: x86_64-redhat-linux
Configured with: ../configure --prefix=/usr --mandir=/usr/share/man --infodir=/usr/share/info --with-bugurl=http://bugzilla.redhat.com/bugzilla --enable-bootstrap --enable-shared --enable-threads=posix --enable-checking=release --with-system-zlib --enable-__cxa_atexit --disable-libunwind-exceptions --enable-gnu-unique-object --enable-languages=c,c++,objc,obj-c++,java,fortran,ada --enable-java-awt=gtk --disable-dssi --with-java-home=/usr/lib/jvm/java-1.5.0-gcj-1.5.0.0/jre --enable-libgcj-multifile --enable-java-maintainer-mode --with-ecj-jar=/usr/share/java/eclipse-ecj.jar --disable-libjava-multilib --with-ppl --with-cloog --with-tune=generic --with-arch_32=i686 --build=x86_64-redhat-linux
Thread model: posix
gcc version 4.4.7 20120313 (Red Hat 4.4.7-17) (GCC) 
configure:3041: $? = 0
configure:3048: gcc -V >&5
gcc: '-V' option must have argument
configure:3052: $? = 1
configure:3075: checking for C compiler default output file name
configure:3097: gcc    conftest.c  >&5
configure:3101: $? = 0
configure:3139: result: a.out
configure:3158: checking whether the C compiler works
configure:3168: ./a.out
configure:3172: $? = 0
configure:3191: result: yes
configure:3198: checking whether we are cross compiling
configure:3200: result: no
configure:3203: checking for suffix of executables
configure:3210: gcc -o conftest    conftest.c  >&5
configure:3214: $? = 0
configure:3240: result: 
configure:3246: checking for suffix of object files
configure:3272: gcc -c   conftest.c >&5
configure:3276: $? = 0
configure:3301: result: o
configure:3305: checking whether we are using the GNU C compiler
configure:3334: gcc -c   conftest.c >&5
configure:3341: $? = 0
configure:3358: result: yes
configure:3367: checking whether gcc accepts -g
configure:3397: gcc -c -g  conftest.c >&5
configure:3404: $? = 0
configure:3505: result: yes
configure:3522: checking for gcc option to accept ISO C89
configure:3596: gcc  -c -g -O2  conftest.c >&5
configure:3603: $? = 0
configure:3626: result: none needed
configure:3644: checking for a sed that does not truncate output
configure:3710: result: /bin/sed
configure:3728: checking for grep that handles long lines and -e
configure:3788: result: /bin/grep
configure:3793: checking for egrep
configure:3857: result: /bin/grep -E
configure:3862: checking for fgrep
configure:3926: result: /bin/grep -F
configure:3961: checking for ld used by gcc
configure:4028: result: /usr/bin/ld
configure:4037: checking if the linker (/usr/bin/ld) is GNU ld
configure:4052: result: yes
configure:4064: checking for BSD- or MS-compatible name lister (nm)
configure:4113: result: /usr/bin/nm -B
configure:4231: checking the name lister (/usr/bin/nm -B) interface
configure:4238: gcc -c -g -O2  conftest.c >&5
configure:4241: /usr/bin/nm -B "conftest.o"
configure:4244: output
0000000000000000 B some_variable
configure:4251: result: BSD nm
configure:4254: checking whether ln -s works
configure:4258: result: yes
configure:4266: checking the maximum length of command line arguments
configure:4386: result: 1966080
configure:4403: checking whether the shell understands some XSI constructs
configure:4413: result: yes
configure:4417: checking whether the shell understands "+="
configure:4423: result: yes
configure:4458: checking for /usr/bin/ld option to reload object files
configure:4465: result: -r
configure:4534: checking for objdump
configure:4550: found /usr/bin/objdump
configure:4561: result: objdump
configure:4593: checking how to recognize dependent libraries
configure:4789: result: pass_all
configure:4849: checking for ar
configure:4865: found /usr/bin/ar
configure:4876: result: ar
configure:4954: checking for strip
configure:4970: found /usr/bin/strip
configure:4981: result: strip
configure:5053: checking for ranlib
configure:5069: found /usr/bin/ranlib
configure:5080: result: ranlib
configure:5170: checking command to parse /usr/bin/nm -B output from gcc object
configure:5288: gcc -c -g -O2  conftest.c >&5
configure:5291: $? = 0
configure:5295: /usr/bin/nm -B conftest.o \| sed -n -e 's/^.*[	 ]\([ABCDGIRSTW][ABCDGIRSTW]*\)[	 ][	 ]*\([_A-Za-z][_A-Za-z0-9]*\)$/\1 \2 \2/p' \> conftest.nm
configure:5298: $? = 0
configure:5352: gcc -o conftest -g -O2   conftest.c conftstm.o >&5
configure:5355: $? = 0
configure:5393: result: ok
configure:5489: gcc -c -g -O2  conftest.c >&5
configure:5492: $? = 0
configure:6260: checking how to run the C preprocessor
configure:6300: gcc -E  conftest.c
configure:6307: $? = 0
configure:6338: gcc -E  conftest.c
conftest.c:10:28: error: ac_nonexistent.h: No such file or directory
configure:6345: $? = 1
configure: failed program was:
| /* confdefs.h.  */
| #define PACKAGE_NAME "libmpq"
| #define PACKAGE_TARNAME "libmpq"
| #define PACKAGE_VERSION "0.4.2"
| #define PACKAGE_STRING "libmpq 0.4.2"
| #define PACKAGE_BUGREPORT "mbroemme@plusserver.de"
| #define PACKAGE "libmpq"
| #define VERSION "0.4.2"
| /* end confdefs.h.  */
| #include <ac_nonexistent.h>
configure:6378: result: gcc -E
configure:6407: gcc -E  conftest.c
configure:6414: $? = 0
configure:6445: gcc -E  conftest.c
conftest.c:10:28: error: ac_nonexistent.h: No such file or directory
configure:6452: $? = 1
configure: failed program was:
| /* confdefs.h.  */
| #define PACKAGE_NAME "libmpq"
| #define PACKAGE_TARNAME "libmpq"
| #define PACKAGE_VERSION "0.4.2"
| #define PACKAGE_STRING "libmpq 0.4.2"
| #define PACKAGE_BUGREPORT "mbroemme@plusserver.de"
| #define PACKAGE "libmpq"
| #define VERSION "0.4.2"
| /* end confdefs.h.  */
| #include <ac_nonexistent.h>
configure:6492: checking for ANSI C header files
configure:6522: gcc -c -g -O2  conftest.c >&5
configure:6529: $? = 0
configure:6628: gcc -o conftest -g -O2   conftest.c  >&5
configure:6632: $? = 0
configure:6638: ./conftest
configure:6642: $? = 0
configure:6660: result: yes
configure:6684: checking for sys/types.h
configure:6705: gcc -c -g -O2  conftest.c >&5
configure:6712: $? = 0
configure:6729: result: yes
configure:6684: checking for sys/stat.h
configure:6705: gcc -c -g -O2  conftest.c >&5
configure:6712: $? = 0
configure:6729: result: yes
configure:6684: checking for stdlib.h
configure:6705: gcc -c -g -O2  conftest.c >&5
configure:6712: $? = 0
configure:6729: result: yes
configure:6684: checking for string.h
configure:6705: gcc -c -g -O2  conftest.c >&5
configure:6712: $? = 0
configure:6729: result: yes
configure:6684: checking for memory.h
configure:6705: gcc -c -g -O2  conftest.c >&5
configure:6712: $? = 0
configure:6729: result: yes
configure:6684: checking for strings.h
configure:6705: gcc -c -g -O2  conftest.c >&5
configure:6712: $? = 0
configure:6729: result: yes
configure:6684: checking for inttypes.h
configure:6705: gcc -c -g -O2  conftest.c >&5
configure:6712: $? = 0
configure:6729: result: yes
configure:6684: checking for stdint.h
configure:6705: gcc -c -g -O2  conftest.c >&5
configure:6712: $? = 0
configure:6729: result: yes
configure:6684: checking for unistd.h
configure:6705: gcc -c -g -O2  conftest.c >&5
configure:6712: $? = 0
configure:6729: result: yes
configure:6747: checking for dlfcn.h
configure:6768: gcc -c -g -O2  conftest.c >&5
configure:6775: $? = 0
configure:6792: result: yes
configure:6978: checking for objdir
configure:6993: result: .libs
configure:7285: checking if gcc supports -fno-rtti -fno-exceptions
configure:7303: gcc -c -g -O2  -fno-rtti -fno-exceptions conftest.c >&5
cc1: warning: command line option "-fno-rtti" is valid for C++/ObjC++ but not for C
configure:7307: $? = 0
configure:7320: result: no
configure:7340: checking for gcc option to produce PIC
configure:7612: result: -fPIC -DPIC
configure:7624: checking if gcc PIC flag -fPIC -DPIC works
configure:7642: gcc -c -g -O2  -fPIC -DPIC -DPIC conftest.c >&5
configure:7646: $? = 0
configure:7659: result: yes
configure:7683: checking if gcc static flag -static works
configure:7711: result: no
configure:7726: checking if gcc supports -c -o file.o
configure:7747: gcc -c -g -O2  -o out/conftest2.o conftest.c >&5
configure:7751: $? = 0
configure:7773: result: yes
configure:7781: checking if gcc supports -c -o file.o
configure:7828: result: yes
configure:7861: checking whether the gcc linker (/usr/bin/ld -m elf_x86_64) supports shared libraries
configure:8935: result: yes
configure:8972: checking whether -lc should be explicitly linked in
configure:8977: gcc -c -g -O2  conftest.c >&5
configure:8980: $? = 0
configure:8995: gcc -shared conftest.o  -v -Wl,-soname -Wl,conftest -o conftest 2\>\&1 \| /bin/grep  -lc  \>/dev/null 2\>\&1
configure:8998: $? = 0
configure:9010: result: no
configure:9174: checking dynamic linker characteristics
configure:9617: gcc -o conftest -g -O2   -Wl,-rpath -Wl,/foo conftest.c  >&5
configure:9624: $? = 0
configure:9860: result: GNU/Linux ld.so
configure:9962: checking how to hardcode library paths into programs
configure:9987: result: immediate
configure:10820: checking whether stripping libraries is possible
configure:10825: result: yes
configure:10860: checking if libtool supports shared libraries
configure:10862: result: yes
configure:10865: checking whether to build shared libraries
configure:10886: result: yes
configure:10889: checking whether to build static libraries
configure:10893: result: yes
configure:10928: checking whether make sets $(MAKE)
configure:10950: result: yes
configure:11007: checking for gcc
configure:11034: result: gcc
configure:11266: checking for C compiler version
configure:11274: gcc --version >&5
gcc (GCC) 4.4.7 20120313 (Red Hat 4.4.7-17)
Copyright (C) 2010 Free Software Foundation, Inc.
This is free software; see the source for copying conditions.  There is NO
warranty; not even for MERCHANTABILITY or FITNESS FOR A PARTICULAR PURPOSE.

configure:11278: $? = 0
configure:11285: gcc -v >&5
Using built-in specs.
Target: x86_64-redhat-linux
Configured with: ../configure --prefix=/usr --mandir=/usr/share/man --infodir=/usr/share/info --with-bugurl=http://bugzilla.redhat.com/bugzilla --enable-bootstrap --enable-shared --enable-threads=posix --enable-checking=release --with-system-zlib --enable-__cxa_atexit --disable-libunwind-exceptions --enable-gnu-unique-object --enable-languages=c,c++,objc,obj-c++,java,fortran,ada --enable-java-awt=gtk --disable-dssi --with-java-home=/usr/lib/jvm/java-1.5.0-gcj-1.5.0.0/jre --enable-libgcj-multifile --enable-java-maintainer-mode --with-ecj-jar=/usr/share/java/eclipse-ecj.jar --disable-libjava-multilib --with-ppl --with-cloog --with-tune=generic --with-arch_32=i686 --build=x86_64-redhat-linux
Thread model: posix
gcc version 4.4.7 20120313 (Red Hat 4.4.7-17) (GCC) 
configure:11289: $? = 0
configure:11296: gcc -V >&5
gcc: '-V' option must have argument
configure:11300: $? = 1
configure:11303: checking whether we are using the GNU C compiler
configure:11356: result: yes
configure:11365: checking whether gcc accepts -g
configure:11503: result: yes
configure:11520: checking for gcc option to accept ISO C89
configure:11624: result: none needed
configure:11649: checking for special C compiler options needed for large files
configure:11744: result: no
configure:11750: checking for _FILE_OFFSET_BITS value needed for large files
configure:11785: gcc -c -g -O2  conftest.c >&5
configure:11792: $? = 0
configure:11861: result: no
configure:11998: checking for _LARGEFILE_SOURCE value needed for large files
configure:12027: gcc -o conftest -g -O2   conftest.c  >&5
configure:12034: $? = 0
configure:12107: result: no
configure:12170: checking zlib.h usability
configure:12187: gcc -c -g -O2  conftest.c >&5
configure:12194: $? = 0
configure:12208: result: yes
configure:12212: checking zlib.h presence
configure:12227: gcc -E  conftest.c
configure:12234: $? = 0
configure:12248: result: yes
configure:12281: checking for zlib.h
configure:12288: result: yes
configure:12302: checking for inflateEnd in -lz
configure:12337: gcc -o conftest -g -O2   conftest.c -lz   >&5
configure:12344: $? = 0
configure:12365: result: yes
configure:12392: checking bzlib.h usability
configure:12409: gcc -c -g -O2  conftest.c >&5
configure:12416: $? = 0
configure:12430: result: yes
configure:12434: checking bzlib.h presence
configure:12449: gcc -E  conftest.c
configure:12456: $? = 0
configure:12470: result: yes
configure:12503: checking for bzlib.h
configure:12510: result: yes
configure:12524: checking for BZ2_bzDecompressInit in -lbz2
configure:12559: gcc -o conftest -g -O2   conftest.c -lbz2  -lz  >&5
configure:12566: $? = 0
configure:12587: result: yes
configure:12629: gcc -c -g -O2  conftest.c >&5
configure:12636: $? = 0
configure:12686: checking for a Python interpreter with version >= 2.4
configure:12703: python -c import sys # split strings by '.' and convert to numeric. Append some zeros # because we need at least 4 digits for the hex conversion. # map returns an iterator in Python 3.0 and a list in 2.x minver = list(map(int, '2.4'.split('.'))) + [0, 0, 0] minverhex = 0 # xrange is not present in Python 3.0 and range returns an iterator for i in list(range(0, 4)): minverhex = (minverhex << 8) + minver[i] sys.exit(sys.hexversion < minverhex)
configure:12706: $? = 0
configure:12713: result: python
configure:12721: checking for python
configure:12739: found /usr/bin/python
configure:12751: result: /usr/bin/python
configure:12769: checking for python version
configure:12776: result: 2.6
configure:12788: checking for python platform
configure:12795: result: linux2
configure:12802: checking for python script directory
configure:12831: result: ${prefix}/lib/python2.6/site-packages
configure:12840: checking for python extension module directory
configure:12869: result: ${exec_prefix}/lib64/python2.6/site-packages
configure:13017: creating ./config.status

## ---------------------- ##
## Running config.status. ##
## ---------------------- ##

This file was extended by libmpq config.status 0.4.2, which was
generated by GNU Autoconf 2.63.  Invocation command line was

  CONFIG_FILES    = 
  CONFIG_HEADERS  = 
  CONFIG_LINKS    = 
  CONFIG_COMMANDS = 
  $ ./config.status 

on thy

config.status:1001: creating libmpq.pc
config.status:1001: creating libmpq-config
config.status:1001: creating Makefile
config.status:1001: creating libmpq/Makefile
config.status:1001: creating bindings/Makefile
config.status:1001: creating bindings/d/Makefile
config.status:1001: creating bindings/python/Makefile
config.status:1001: creating doc/Makefile
config.status:1001: creating doc/man1/Makefile
config.status:1001: creating doc/man3/Makefile
config.status:1001: creating tools/Makefile
config.status:1001: creating config.h
config.status:1275: executing libtool commands

## ---------------- ##
## Cache variables. ##
## ---------------- ##

ac_cv_build=x86_64-unknown-linux-gnu
ac_cv_c_compiler_gnu=yes
ac_cv_env_CC_set=
ac_cv_env_CC_value=
ac_cv_env_CFLAGS_set=
ac_cv_env_CFLAGS_value=
ac_cv_env_CPPFLAGS_set=
ac_cv_env_CPPFLAGS_value=
ac_cv_env_CPP_set=
ac_cv_env_CPP_value=
ac_cv_env_LDFLAGS_set=
ac_cv_env_LDFLAGS_value=
ac_cv_env_LIBS_set=
ac_cv_env_LIBS_value=
ac_cv_env_build_alias_set=
ac_cv_env_build_alias_value=
ac_cv_env_host_alias_set=
ac_cv_env_host_alias_value=
ac_cv_env_target_alias_set=
ac_cv_env_target_alias_value=
ac_cv_header_bzlib_h=yes
ac_cv_header_dlfcn_h=yes
ac_cv_header_inttypes_h=yes
ac_cv_header_memory_h=yes
ac_cv_header_stdc=yes
ac_cv_header_stdint_h=yes
ac_cv_header_stdlib_h=yes
ac_cv_header_string_h=yes
ac_cv_header_strings_h=yes
ac_cv_header_sys_stat_h=yes
ac_cv_header_sys_types_h=yes
ac_cv_header_unistd_h=yes
ac_cv_header_zlib_h=yes
ac_cv_host=x86_64-unknown-linux-gnu
ac_cv_lib_bz2_BZ2_bzDecompressInit=yes
ac_cv_lib_z_inflateEnd=yes
ac_cv_objext=o
ac_cv_path_EGREP='/bin/grep -E'
ac_cv_path_FGREP='/bin/grep -F'
ac_cv_path_GREP=/bin/grep
ac_cv_path_PYTHON=/usr/bin/python
ac_cv_path_SED=/bin/sed
ac_cv_path_install='/usr/bin/install -c'
ac_cv_path_mkdir=/bin/mkdir
ac_cv_prog_AWK=gawk
ac_cv_prog_CPP='gcc -E'
ac_cv_prog_ac_ct_AR=ar
ac_cv_prog_ac_ct_CC=gcc
ac_cv_prog_ac_ct_OBJDUMP=objdump
ac_cv_prog_ac_ct_RANLIB=ranlib
ac_cv_prog_ac_ct_STRIP=strip
ac_cv_prog_cc_c89=
ac_cv_prog_cc_g=yes
ac_cv_prog_make_make_set=yes
ac_cv_sys_file_offset_bits=no
ac_cv_sys_largefile_CC=no
ac_cv_sys_largefile_source=no
ac_cv_target=x86_64-unknown-linux-gnu
am_cv_pathless_PYTHON=python
am_cv_python_platform=linux2
am_cv_python_pyexecdir='${exec_prefix}/lib64/python2.6/site-packages'
am_cv_python_pythondir='${prefix}/lib/python2.6/site-packages'
am_cv_python_version=2.6
lt_cv_deplibs_check_method=pass_all
lt_cv_file_magic_cmd='$MAGIC_CMD'
lt_cv_file_magic_test_file=
lt_cv_ld_reload_flag=-r
lt_cv_nm_interface='BSD nm'
lt_cv_objdir=.libs
lt_cv_path_LD=/usr/bin/ld
lt_cv_path_NM='/usr/bin/nm -B'
lt_cv_prog_compiler_c_o=yes
lt_cv_prog_compiler_pic_works=yes
lt_cv_prog_compiler_rtti_exceptions=no
lt_cv_prog_compiler_static_works=no
lt_cv_prog_gnu_ld=yes
lt_cv_sys_global_symbol_pipe='sed -n -e '\''s/^.*[	 ]\([ABCDGIRSTW][ABCDGIRSTW]*\)[	 ][	 ]*\([_A-Za-z][_A-Za-z0-9]*\)$/\1 \2 \2/p'\'''
lt_cv_sys_global_symbol_to_c_name_address='sed -n -e '\''s/^: \([^ ]*\) $/  {\"\1\", (void *) 0},/p'\'' -e '\''s/^[ABCDGIRSTW]* \([^ ]*\) \([^ ]*\)$/  {"\2", (void *) \&\2},/p'\'''
lt_cv_sys_global_symbol_to_c_name_address_lib_prefix='sed -n -e '\''s/^: \([^ ]*\) $/  {\"\1\", (void *) 0},/p'\'' -e '\''s/^[ABCDGIRSTW]* \([^ ]*\) \(lib[^ ]*\)$/  {"\2", (void *) \&\2},/p'\'' -e '\''s/^[ABCDGIRSTW]* \([^ ]*\) \([^ ]*\)$/  {"lib\2", (void *) \&\2},/p'\'''
lt_cv_sys_global_symbol_to_cdecl='sed -n -e '\''s/^T .* \(.*\)$/extern int \1();/p'\'' -e '\''s/^[ABCDGIRSTW]* .* \(.*\)$/extern char \1;/p'\'''
lt_cv_sys_max_cmd_len=1966080

## ----------------- ##
## Output variables. ##
## ----------------- ##

ACLOCAL='${SHELL} /usr/local/src/wow/portalclassic/dep/libmpq/missing --run aclocal-1.11'
AMTAR='${SHELL} /usr/local/src/wow/portalclassic/dep/libmpq/missing --run tar'
AR='ar'
AUTOCONF='${SHELL} /usr/local/src/wow/portalclassic/dep/libmpq/missing --run autoconf'
AUTOHEADER='${SHELL} /usr/local/src/wow/portalclassic/dep/libmpq/missing --run autoheader'
AUTOMAKE='${SHELL} /usr/local/src/wow/portalclassic/dep/libmpq/missing --run automake-1.11'
AWK='gawk'
CC='gcc'
CFLAGS='-g -O2 -fvisibility=hidden'
CPP='gcc -E'
CPPFLAGS=''
CYGPATH_W='echo'
DEFS='-DHAVE_CONFIG_H'
DSYMUTIL=''
DUMPBIN=''
ECHO_C=''
ECHO_N='-n'
ECHO_T=''
EGREP='/bin/grep -E'
EXEEXT=''
FGREP='/bin/grep -F'
GREP='/bin/grep'
HAVE_PYTHON_FALSE='#'
HAVE_PYTHON_TRUE=''
INSTALL_DATA='${INSTALL} -m 644'
INSTALL_PROGRAM='${INSTALL}'
INSTALL_SCRIPT='${INSTALL}'
INSTALL_STRIP_PROGRAM='$(install_sh) -c -s'
LD='/usr/bin/ld -m elf_x86_64'
LDFLAGS=''
LFS_CFLAGS='-D_LARGE_FILES=1'
LIBOBJS=''
LIBS='-lbz2 -lz '
LIBTOOL='$(SHELL) $(top_builddir)/libtool'
LIPO=''
LN_S='ln -s'
LTLIBOBJS=''
MAKEINFO='${SHELL} /usr/local/src/wow/portalclassic/dep/libmpq/missing --run makeinfo'
MKDIR_P='/bin/mkdir -p'
NM='/usr/bin/nm -B'
NMEDIT=''
OBJDUMP='objdump'
OBJEXT='o'
OTOOL64=''
OTOOL=''
PACKAGE='libmpq'
PACKAGE_BUGREPORT='mbroemme@plusserver.de'
PACKAGE_NAME='libmpq'
PACKAGE_STRING='libmpq 0.4.2'
PACKAGE_TARNAME='libmpq'
PACKAGE_VERSION='0.4.2'
PATH_SEPARATOR=':'
PYTHON='/usr/bin/python'
PYTHON_EXEC_PREFIX='${exec_prefix}'
PYTHON_PLATFORM='linux2'
PYTHON_PREFIX='${prefix}'
PYTHON_VERSION='2.6'
RANLIB='ranlib'
SED='/bin/sed'
SET_MAKE=''
SHELL='/bin/sh'
STRIP='strip'
VERSION='0.4.2'
ac_ct_CC='gcc'
ac_ct_DUMPBIN=''
am__EXEEXT_FALSE=''
am__EXEEXT_TRUE='#'
am__isrc=''
am__leading_dot='.'
am__tar='${AMTAR} chof - "$$tardir"'
am__untar='${AMTAR} xf -'
bindir='${exec_prefix}/bin'
build='x86_64-unknown-linux-gnu'
build_alias=''
build_cpu='x86_64'
build_os='linux-gnu'
build_vendor='unknown'
datadir='${datarootdir}'
datarootdir='${prefix}/share'
docdir='${datarootdir}/doc/${PACKAGE_TARNAME}'
dvidir='${docdir}'
exec_prefix='${prefix}'
host='x86_64-unknown-linux-gnu'
host_alias=''
host_cpu='x86_64'
host_os='linux-gnu'
host_vendor='unknown'
htmldir='${docdir}'
includedir='${prefix}/include'
infodir='${datarootdir}/info'
install_sh='${SHELL} /usr/local/src/wow/portalclassic/dep/libmpq/install-sh'
libdir='${exec_prefix}/lib'
libexecdir='${exec_prefix}/libexec'
localedir='${datarootdir}/locale'
localstatedir='${prefix}/var'
lt_ECHO='echo'
mandir='${datarootdir}/man'
mkdir_p='/bin/mkdir -p'
oldincludedir='/usr/include'
pdfdir='${docdir}'
pkgpyexecdir='${pyexecdir}/libmpq'
pkgpythondir='${pythondir}/libmpq'
prefix='/usr/local'
program_transform_name='s,x,x,'
psdir='${docdir}'
pyexecdir='${exec_prefix}/lib64/python2.6/site-packages'
pythondir='${prefix}/lib/python2.6/site-packages'
sbindir='${exec_prefix}/sbin'
sharedstatedir='${prefix}/com'
sysconfdir='${prefix}/etc'
target='x86_64-unknown-linux-gnu'
target_alias=''
target_cpu='x86_64'
target_os='linux-gnu'
target_vendor='unknown'

## ----------- ##
## confdefs.h. ##
## ----------- ##

#define PACKAGE_NAME "libmpq"
#define PACKAGE_TARNAME "libmpq"
#define PACKAGE_VERSION "0.4.2"
#define PACKAGE_STRING "libmpq 0.4.2"
#define PACKAGE_BUGREPORT "mbroemme@plusserver.de"
#define PACKAGE "libmpq"
#define VERSION "0.4.2"
#define STDC_HEADERS 1
#define HAVE_SYS_TYPES_H 1
#define HAVE_SYS_STAT_H 1
#define HAVE_STDLIB_H 1
#define HAVE_STRING_H 1
#define HAVE_MEMORY_H 1
#define HAVE_STRINGS_H 1
#define HAVE_INTTYPES_H 1
#define HAVE_STDINT_H 1
#define HAVE_UNISTD_H 1
#define HAVE_DLFCN_H 1
#define LT_OBJDIR ".libs/"
#define HAVE_FSEEKO 1
#define HAVE_LIBZ 1
#define HAVE_LIBBZ2 1

configure: exit 0
